2025-09-22 11:55:00 - main - INFO - Демонстрационный класс инициализирован
2025-09-22 11:55:00 - main - INFO - Начало демонстрации работы платформы
2025-09-22 11:55:00 - main - INFO - Создание платформы
2025-09-22 11:55:00 - platform - INFO - Создана платформа: Моя образовательная платформа
2025-09-22 11:55:00 - main - INFO - Платформа создана: Моя образовательная платформа
2025-09-22 11:55:00 - main - INFO - Создание и добавление курсов
2025-09-22 11:55:00 - course - INFO - Создан курс: Python Programming с 4 студентами
2025-09-22 11:55:00 - course - INFO - Создан курс: Graphic Design с 3 студентами
2025-09-22 11:55:00 - course - INFO - Создан курс: Data Science с 2 студентами
2025-09-22 11:55:00 - platform - INFO - Добавлен курс 'Python Programming' на платформу 'Моя образовательная платформа'
2025-09-22 11:55:00 - platform - INFO - Добавлен курс 'Graphic Design' на платформу 'Моя образовательная платформа'
2025-09-22 11:55:00 - platform - INFO - Добавлен курс 'Data Science' на платформу 'Моя образовательная платформа'
2025-09-22 11:55:00 - main - INFO - Добавлено 3 курсов на платформу
2025-09-22 11:55:00 - main - INFO - Управление данными курсов
2025-09-22 11:55:00 - course - INFO - Изменено название курса: Python Programming -> Advanced Python Programming
2025-09-22 11:55:00 - main - INFO - Анализ данных платформы
2025-09-22 11:55:00 - platform - INFO - Получен топ-2 курсов по количеству студентов
2025-09-22 11:55:00 - main - INFO - Демонстрация логирования и уведомлений
2025-09-22 11:55:00 - root - INFO - [Advanced Python Programming] Начало демонстрации работы миксинов
2025-09-22 11:55:00 - root - INFO - [Advanced Python Programming] Проверка функциональности уведомлений
2025-09-22 11:55:00 - main - INFO - Демонстрация методов сравнения курсов
2025-09-22 11:55:00 - main - INFO - Демонстрация завершена успешно
